---------------------------------------------------------------
[ 2020-12-06T05:50:53+08:00 ] 47.100.207.141 GET zbjg.liujunfeng.work/
[运行时间：0.025237s] [吞吐率：39.62req/s] [内存消耗：2,943.18kb] [文件加载：123]
[ info ] [ BEHAVIOR ] Run Closure @app_init [ RunTime:0.000015s ]
[ info ] [ CACHE ] INIT File
[ info ] [ BEHAVIOR ] Run Closure @app_init [ RunTime:0.000724s ]
[ info ] [ LANG ] /www/wwwroot/zbjg/thinkphp/lang/zh-cn.php
[ info ] [ BEHAVIOR ] Run app\common\behavior\Common @app_dispatch [ RunTime:0.000543s ]
[ info ] [ ROUTE ] array (
  'type' => 'module',
  'module' => 
  array (
    0 => '',
    1 => NULL,
    2 => NULL,
  ),
)
[ info ] [ HEADER ] array (
  'accept-encoding' => 'gzip',
  'connection' => 'Keep-Alive',
  'host' => 'zbjg.liujunfeng.work',
  'user-agent' => 'Mozilla/5.0 (X11; Ubuntu; Linux x86_64; rv:36.0) Gecko/20100101 Firefox/36.0',
  'content-length' => '',
  'content-type' => '',
)
[ info ] [ PARAM ] array (
)
[ info ] [ LANG ] /www/wwwroot/zbjg/public/../application/index/lang/zh-cn.php
[ info ] [ BEHAVIOR ] Run app\common\behavior\Common @module_init [ RunTime:0.000945s ]
[ info ] [ LANG ] /www/wwwroot/zbjg/public/../application/index/lang/zh-cn/index.php
[ info ] [ RUN ] app\index\controller\Index->index[ /www/wwwroot/zbjg/application/index/controller/Index.php ]
[ info ] [ VIEW ] /www/wwwroot/zbjg/public/../application/index/view/index/index.html [ array (
  0 => 'user',
  1 => 'site',
  2 => 'config',
) ]
[ info ] [ LOG ] INIT File
