---------------------------------------------------------------
[ 2020-11-27T17:51:13+08:00 ] 192.168.3.1 GET 192.168.3.1:81/admin.php/stock/stock/index?addtabs=1&sort=id&order=desc&offset=0&limit=10&filter=%7B%7D&op=%7B%7D&_=1606470538528
[运行时间：0.331986s] [吞吐率：3.01req/s] [内存消耗：4,327.96kb] [文件加载：134]
[ info ] [ BEHAVIOR ] Run Closure @app_init [ RunTime:0.000019s ]
[ info ] [ CACHE ] INIT File
[ info ] [ BEHAVIOR ] Run Closure @app_init [ RunTime:0.003192s ]
[ info ] [ LANG ] D:\WWW\zbjg\thinkphp\lang\zh-cn.php
[ info ] [ BEHAVIOR ] Run app\common\behavior\Common @app_dispatch [ RunTime:0.000503s ]
[ info ] [ ROUTE ] array (
  'type' => 'module',
  'module' => 
  array (
    0 => 'admin',
    1 => 'stock.stock',
    2 => 'index',
  ),
)
[ info ] [ HEADER ] array (
  'cookie' => 'keeplogin=1%7C86400%7C1605072779%7Cf41519a194da04be22144653880d28d8; PHPSESSID=j2p1hl2s6god24rq6dhnkq5a5s',
  'accept-language' => 'zh-CN,zh;q=0.9',
  'accept-encoding' => 'gzip, deflate',
  'referer' => 'http://192.168.3.1:81/admin.php/stock/stock?addtabs=1',
  'content-type' => 'application/json',
  'user-agent' => 'Mozilla/5.0 (Windows NT 10.0; Win64; x64) AppleWebKit/537.36 (KHTML, like Gecko) Chrome/87.0.4280.66 Safari/537.36',
  'x-requested-with' => 'XMLHttpRequest',
  'accept' => 'application/json, text/javascript, */*; q=0.01',
  'connection' => 'keep-alive',
  'host' => '192.168.3.1:81',
  'content-length' => '',
)
[ info ] [ PARAM ] array (
  'addtabs' => '1',
  'sort' => 'id',
  'order' => 'desc',
  'offset' => '0',
  'limit' => '10',
  'filter' => '{}',
  'op' => '{}',
  '_' => '1606470538528',
)
[ info ] [ LANG ] D:\WWW\zbjg\public/../application/admin\lang\zh-cn.php
[ info ] [ BEHAVIOR ] Run app\common\behavior\Common @module_init [ RunTime:0.002025s ]
[ info ] [ SESSION ] INIT array (
  'id' => '',
  'var_session_id' => '',
  'prefix' => 'think',
  'type' => '',
  'auto_start' => true,
)
[ info ] [ DB ] INIT mysql
[ info ] [ LANG ] D:\WWW\zbjg\public/../application/admin/lang/zh-cn/stock/stock.php
[ info ] [ RUN ] app\admin\controller\stock\Stock->index[ D:\WWW\zbjg\application\admin\controller\stock\Stock.php ]
[ info ] [ BEHAVIOR ] Run app\admin\behavior\AdminLog @app_end [ RunTime:0.000326s ]
[ info ] [ LOG ] INIT File
---------------------------------------------------------------
[ 2020-11-27T17:51:14+08:00 ] 192.168.3.1 GET 192.168.3.1:81/admin.php/stock/delivery/index?addtabs=1&sort=id&order=desc&offset=0&limit=10&filter=%7B%7D&op=%7B%7D&_=1606470536284
[运行时间：0.518814s] [吞吐率：1.93req/s] [内存消耗：4,396.04kb] [文件加载：136]
[ info ] [ BEHAVIOR ] Run Closure @app_init [ RunTime:0.000066s ]
[ info ] [ CACHE ] INIT File
[ info ] [ BEHAVIOR ] Run Closure @app_init [ RunTime:0.003893s ]
[ info ] [ LANG ] D:\WWW\zbjg\thinkphp\lang\zh-cn.php
[ info ] [ BEHAVIOR ] Run app\common\behavior\Common @app_dispatch [ RunTime:0.000548s ]
[ info ] [ ROUTE ] array (
  'type' => 'module',
  'module' => 
  array (
    0 => 'admin',
    1 => 'stock.delivery',
    2 => 'index',
  ),
)
[ info ] [ HEADER ] array (
  'cookie' => 'keeplogin=1%7C86400%7C1605072779%7Cf41519a194da04be22144653880d28d8; PHPSESSID=j2p1hl2s6god24rq6dhnkq5a5s',
  'accept-language' => 'zh-CN,zh;q=0.9',
  'accept-encoding' => 'gzip, deflate',
  'referer' => 'http://192.168.3.1:81/admin.php/stock/delivery?addtabs=1',
  'content-type' => 'application/json',
  'user-agent' => 'Mozilla/5.0 (Windows NT 10.0; Win64; x64) AppleWebKit/537.36 (KHTML, like Gecko) Chrome/87.0.4280.66 Safari/537.36',
  'x-requested-with' => 'XMLHttpRequest',
  'accept' => 'application/json, text/javascript, */*; q=0.01',
  'connection' => 'keep-alive',
  'host' => '192.168.3.1:81',
  'content-length' => '',
)
[ info ] [ PARAM ] array (
  'addtabs' => '1',
  'sort' => 'id',
  'order' => 'desc',
  'offset' => '0',
  'limit' => '10',
  'filter' => '{}',
  'op' => '{}',
  '_' => '1606470536284',
)
[ info ] [ LANG ] D:\WWW\zbjg\public/../application/admin\lang\zh-cn.php
[ info ] [ BEHAVIOR ] Run app\common\behavior\Common @module_init [ RunTime:0.003247s ]
[ info ] [ SESSION ] INIT array (
  'id' => '',
  'var_session_id' => '',
  'prefix' => 'think',
  'type' => '',
  'auto_start' => true,
)
[ info ] [ DB ] INIT mysql
[ info ] [ LANG ] D:\WWW\zbjg\public/../application/admin/lang/zh-cn/stock/delivery.php
[ info ] [ RUN ] app\admin\controller\stock\Delivery->index[ D:\WWW\zbjg\application\admin\controller\stock\Delivery.php ]
[ info ] [ BEHAVIOR ] Run app\admin\behavior\AdminLog @app_end [ RunTime:0.000313s ]
[ info ] [ LOG ] INIT File
---------------------------------------------------------------
[ 2020-11-27T17:51:15+08:00 ] 192.168.3.1 GET 192.168.3.1:81/admin.php/stock/deliverylog/index?addtabs=1&sort=id&order=desc&offset=0&limit=10&filter=%7B%7D&op=%7B%7D&_=1606470531342
[运行时间：0.239668s] [吞吐率：4.17req/s] [内存消耗：4,365.13kb] [文件加载：136]
[ info ] [ BEHAVIOR ] Run Closure @app_init [ RunTime:0.000017s ]
[ info ] [ CACHE ] INIT File
[ info ] [ BEHAVIOR ] Run Closure @app_init [ RunTime:0.004049s ]
[ info ] [ LANG ] D:\WWW\zbjg\thinkphp\lang\zh-cn.php
[ info ] [ BEHAVIOR ] Run app\common\behavior\Common @app_dispatch [ RunTime:0.000456s ]
[ info ] [ ROUTE ] array (
  'type' => 'module',
  'module' => 
  array (
    0 => 'admin',
    1 => 'stock.deliverylog',
    2 => 'index',
  ),
)
[ info ] [ HEADER ] array (
  'cookie' => 'keeplogin=1%7C86400%7C1605072779%7Cf41519a194da04be22144653880d28d8; PHPSESSID=j2p1hl2s6god24rq6dhnkq5a5s',
  'accept-language' => 'zh-CN,zh;q=0.9',
  'accept-encoding' => 'gzip, deflate',
  'referer' => 'http://192.168.3.1:81/admin.php/stock/deliverylog?addtabs=1',
  'content-type' => 'application/json',
  'user-agent' => 'Mozilla/5.0 (Windows NT 10.0; Win64; x64) AppleWebKit/537.36 (KHTML, like Gecko) Chrome/87.0.4280.66 Safari/537.36',
  'x-requested-with' => 'XMLHttpRequest',
  'accept' => 'application/json, text/javascript, */*; q=0.01',
  'connection' => 'keep-alive',
  'host' => '192.168.3.1:81',
  'content-length' => '',
)
[ info ] [ PARAM ] array (
  'addtabs' => '1',
  'sort' => 'id',
  'order' => 'desc',
  'offset' => '0',
  'limit' => '10',
  'filter' => '{}',
  'op' => '{}',
  '_' => '1606470531342',
)
[ info ] [ LANG ] D:\WWW\zbjg\public/../application/admin\lang\zh-cn.php
[ info ] [ BEHAVIOR ] Run app\common\behavior\Common @module_init [ RunTime:0.001327s ]
[ info ] [ SESSION ] INIT array (
  'id' => '',
  'var_session_id' => '',
  'prefix' => 'think',
  'type' => '',
  'auto_start' => true,
)
[ info ] [ DB ] INIT mysql
[ info ] [ LANG ] D:\WWW\zbjg\public/../application/admin/lang/zh-cn/stock/deliverylog.php
[ info ] [ RUN ] app\admin\controller\stock\Deliverylog->index[ D:\WWW\zbjg\application\admin\controller\stock\Deliverylog.php ]
[ info ] [ BEHAVIOR ] Run app\admin\behavior\AdminLog @app_end [ RunTime:0.000191s ]
[ info ] [ LOG ] INIT File
---------------------------------------------------------------
[ 2020-11-27T17:51:20+08:00 ] 192.168.3.1 GET 192.168.3.1:81/admin.php/stock/delivery/index?addtabs=1&sort=id&order=desc&offset=0&limit=10&filter=%7B%7D&op=%7B%7D&_=1606470536285
[运行时间：0.443449s] [吞吐率：2.26req/s] [内存消耗：4,396.04kb] [文件加载：136]
[ info ] [ BEHAVIOR ] Run Closure @app_init [ RunTime:0.000051s ]
[ info ] [ CACHE ] INIT File
[ info ] [ BEHAVIOR ] Run Closure @app_init [ RunTime:0.004855s ]
[ info ] [ LANG ] D:\WWW\zbjg\thinkphp\lang\zh-cn.php
[ info ] [ BEHAVIOR ] Run app\common\behavior\Common @app_dispatch [ RunTime:0.000348s ]
[ info ] [ ROUTE ] array (
  'type' => 'module',
  'module' => 
  array (
    0 => 'admin',
    1 => 'stock.delivery',
    2 => 'index',
  ),
)
[ info ] [ HEADER ] array (
  'cookie' => 'keeplogin=1%7C86400%7C1605072779%7Cf41519a194da04be22144653880d28d8; PHPSESSID=j2p1hl2s6god24rq6dhnkq5a5s',
  'accept-language' => 'zh-CN,zh;q=0.9',
  'accept-encoding' => 'gzip, deflate',
  'referer' => 'http://192.168.3.1:81/admin.php/stock/delivery?addtabs=1',
  'content-type' => 'application/json',
  'user-agent' => 'Mozilla/5.0 (Windows NT 10.0; Win64; x64) AppleWebKit/537.36 (KHTML, like Gecko) Chrome/87.0.4280.66 Safari/537.36',
  'x-requested-with' => 'XMLHttpRequest',
  'accept' => 'application/json, text/javascript, */*; q=0.01',
  'connection' => 'keep-alive',
  'host' => '192.168.3.1:81',
  'content-length' => '',
)
[ info ] [ PARAM ] array (
  'addtabs' => '1',
  'sort' => 'id',
  'order' => 'desc',
  'offset' => '0',
  'limit' => '10',
  'filter' => '{}',
  'op' => '{}',
  '_' => '1606470536285',
)
[ info ] [ LANG ] D:\WWW\zbjg\public/../application/admin\lang\zh-cn.php
[ info ] [ BEHAVIOR ] Run app\common\behavior\Common @module_init [ RunTime:0.001250s ]
[ info ] [ SESSION ] INIT array (
  'id' => '',
  'var_session_id' => '',
  'prefix' => 'think',
  'type' => '',
  'auto_start' => true,
)
[ info ] [ DB ] INIT mysql
[ info ] [ LANG ] D:\WWW\zbjg\public/../application/admin/lang/zh-cn/stock/delivery.php
[ info ] [ RUN ] app\admin\controller\stock\Delivery->index[ D:\WWW\zbjg\application\admin\controller\stock\Delivery.php ]
[ info ] [ BEHAVIOR ] Run app\admin\behavior\AdminLog @app_end [ RunTime:0.000330s ]
[ info ] [ LOG ] INIT File
---------------------------------------------------------------
[ 2020-11-27T17:54:09+08:00 ] 192.168.3.1 GET 192.168.3.1:81/admin.php/order/order/index?addtabs=1&sort=id&order=desc&offset=0&limit=10&filter=%7B%7D&op=%7B%7D&_=1606470541045
[运行时间：0.266908s] [吞吐率：3.75req/s] [内存消耗：4,607.25kb] [文件加载：142]
[ info ] [ BEHAVIOR ] Run Closure @app_init [ RunTime:0.000023s ]
[ info ] [ CACHE ] INIT File
[ info ] [ BEHAVIOR ] Run Closure @app_init [ RunTime:0.003232s ]
[ info ] [ LANG ] D:\WWW\zbjg\thinkphp\lang\zh-cn.php
[ info ] [ BEHAVIOR ] Run app\common\behavior\Common @app_dispatch [ RunTime:0.001142s ]
[ info ] [ ROUTE ] array (
  'type' => 'module',
  'module' => 
  array (
    0 => 'admin',
    1 => 'order.order',
    2 => 'index',
  ),
)
[ info ] [ HEADER ] array (
  'cookie' => 'keeplogin=1%7C86400%7C1605072779%7Cf41519a194da04be22144653880d28d8; PHPSESSID=j2p1hl2s6god24rq6dhnkq5a5s',
  'accept-language' => 'zh-CN,zh;q=0.9',
  'accept-encoding' => 'gzip, deflate',
  'referer' => 'http://192.168.3.1:81/admin.php/order/order?addtabs=1',
  'content-type' => 'application/json',
  'user-agent' => 'Mozilla/5.0 (Windows NT 10.0; Win64; x64) AppleWebKit/537.36 (KHTML, like Gecko) Chrome/87.0.4280.66 Safari/537.36',
  'x-requested-with' => 'XMLHttpRequest',
  'accept' => 'application/json, text/javascript, */*; q=0.01',
  'connection' => 'keep-alive',
  'host' => '192.168.3.1:81',
  'content-length' => '',
)
[ info ] [ PARAM ] array (
  'addtabs' => '1',
  'sort' => 'id',
  'order' => 'desc',
  'offset' => '0',
  'limit' => '10',
  'filter' => '{}',
  'op' => '{}',
  '_' => '1606470541045',
)
[ info ] [ LANG ] D:\WWW\zbjg\public/../application/admin\lang\zh-cn.php
[ info ] [ BEHAVIOR ] Run app\common\behavior\Common @module_init [ RunTime:0.001868s ]
[ info ] [ SESSION ] INIT array (
  'id' => '',
  'var_session_id' => '',
  'prefix' => 'think',
  'type' => '',
  'auto_start' => true,
)
[ info ] [ DB ] INIT mysql
[ info ] [ LANG ] D:\WWW\zbjg\public/../application/admin/lang/zh-cn/order/order.php
[ info ] [ RUN ] app\admin\controller\order\Order->index[ D:\WWW\zbjg\application\admin\controller\order\Order.php ]
[ info ] [ BEHAVIOR ] Run app\admin\behavior\AdminLog @app_end [ RunTime:0.000415s ]
[ info ] [ LOG ] INIT File
---------------------------------------------------------------
[ 2020-11-27T17:54:27+08:00 ] 192.168.3.1 GET 192.168.3.1:81/admin.php/order/order/index?addtabs=1&sort=id&order=desc&offset=0&limit=10&filter=%7B%7D&op=%7B%7D&_=1606470541046
[运行时间：0.300099s] [吞吐率：3.33req/s] [内存消耗：4,607.25kb] [文件加载：142]
[ info ] [ BEHAVIOR ] Run Closure @app_init [ RunTime:0.000032s ]
[ info ] [ CACHE ] INIT File
[ info ] [ BEHAVIOR ] Run Closure @app_init [ RunTime:0.004402s ]
[ info ] [ LANG ] D:\WWW\zbjg\thinkphp\lang\zh-cn.php
[ info ] [ BEHAVIOR ] Run app\common\behavior\Common @app_dispatch [ RunTime:0.000936s ]
[ info ] [ ROUTE ] array (
  'type' => 'module',
  'module' => 
  array (
    0 => 'admin',
    1 => 'order.order',
    2 => 'index',
  ),
)
[ info ] [ HEADER ] array (
  'cookie' => 'keeplogin=1%7C86400%7C1605072779%7Cf41519a194da04be22144653880d28d8; PHPSESSID=j2p1hl2s6god24rq6dhnkq5a5s',
  'accept-language' => 'zh-CN,zh;q=0.9',
  'accept-encoding' => 'gzip, deflate',
  'referer' => 'http://192.168.3.1:81/admin.php/order/order?addtabs=1',
  'content-type' => 'application/json',
  'user-agent' => 'Mozilla/5.0 (Windows NT 10.0; Win64; x64) AppleWebKit/537.36 (KHTML, like Gecko) Chrome/87.0.4280.66 Safari/537.36',
  'x-requested-with' => 'XMLHttpRequest',
  'accept' => 'application/json, text/javascript, */*; q=0.01',
  'connection' => 'keep-alive',
  'host' => '192.168.3.1:81',
  'content-length' => '',
)
[ info ] [ PARAM ] array (
  'addtabs' => '1',
  'sort' => 'id',
  'order' => 'desc',
  'offset' => '0',
  'limit' => '10',
  'filter' => '{}',
  'op' => '{}',
  '_' => '1606470541046',
)
[ info ] [ LANG ] D:\WWW\zbjg\public/../application/admin\lang\zh-cn.php
[ info ] [ BEHAVIOR ] Run app\common\behavior\Common @module_init [ RunTime:0.001963s ]
[ info ] [ SESSION ] INIT array (
  'id' => '',
  'var_session_id' => '',
  'prefix' => 'think',
  'type' => '',
  'auto_start' => true,
)
[ info ] [ DB ] INIT mysql
[ info ] [ LANG ] D:\WWW\zbjg\public/../application/admin/lang/zh-cn/order/order.php
[ info ] [ RUN ] app\admin\controller\order\Order->index[ D:\WWW\zbjg\application\admin\controller\order\Order.php ]
[ info ] [ BEHAVIOR ] Run app\admin\behavior\AdminLog @app_end [ RunTime:0.000486s ]
[ info ] [ LOG ] INIT File
---------------------------------------------------------------
[ 2020-11-27T17:54:38+08:00 ] 192.168.3.1 GET 192.168.3.1:81/admin.php/order/order/next3?order_id=7
[运行时间：0.275739s] [吞吐率：3.63req/s] [内存消耗：4,431.18kb] [文件加载：134]
[ info ] [ BEHAVIOR ] Run Closure @app_init [ RunTime:0.000015s ]
[ info ] [ CACHE ] INIT File
[ info ] [ BEHAVIOR ] Run Closure @app_init [ RunTime:0.038989s ]
[ info ] [ LANG ] D:\WWW\zbjg\thinkphp\lang\zh-cn.php
[ info ] [ BEHAVIOR ] Run app\common\behavior\Common @app_dispatch [ RunTime:0.000878s ]
[ info ] [ ROUTE ] array (
  'type' => 'module',
  'module' => 
  array (
    0 => 'admin',
    1 => 'order.order',
    2 => 'next3',
  ),
)
[ info ] [ HEADER ] array (
  'cookie' => 'keeplogin=1%7C86400%7C1605072779%7Cf41519a194da04be22144653880d28d8; PHPSESSID=j2p1hl2s6god24rq6dhnkq5a5s',
  'accept-language' => 'zh-CN,zh;q=0.9',
  'accept-encoding' => 'gzip, deflate',
  'referer' => 'http://192.168.3.1:81/admin.php/order/order/next2/ids/7?addtabs=1',
  'accept' => 'text/html,application/xhtml+xml,application/xml;q=0.9,image/avif,image/webp,image/apng,*/*;q=0.8,application/signed-exchange;v=b3;q=0.9',
  'user-agent' => 'Mozilla/5.0 (Windows NT 10.0; Win64; x64) AppleWebKit/537.36 (KHTML, like Gecko) Chrome/87.0.4280.66 Safari/537.36',
  'upgrade-insecure-requests' => '1',
  'connection' => 'keep-alive',
  'host' => '192.168.3.1:81',
  'content-length' => '',
  'content-type' => '',
)
[ info ] [ PARAM ] array (
  'order_id' => '7',
)
[ info ] [ LANG ] D:\WWW\zbjg\public/../application/admin\lang\zh-cn.php
[ info ] [ BEHAVIOR ] Run app\common\behavior\Common @module_init [ RunTime:0.001280s ]
[ info ] [ SESSION ] INIT array (
  'id' => '',
  'var_session_id' => '',
  'prefix' => 'think',
  'type' => '',
  'auto_start' => true,
)
[ info ] [ DB ] INIT mysql
[ info ] [ LANG ] D:\WWW\zbjg\public/../application/admin/lang/zh-cn/order/order.php
[ info ] [ RUN ] app\admin\controller\order\Order->next3[ D:\WWW\zbjg\application\admin\controller\order\Order.php ]
[ info ] [ VIEW ] D:\WWW\zbjg\public/../application/admin\view\order\order\next3.html [ array (
  0 => 'breadcrumb',
  1 => 'site',
  2 => 'config',
  3 => 'auth',
  4 => 'admin',
  5 => 'statusList',
  6 => 'order_id',
) ]
[ info ] [ BEHAVIOR ] Run app\admin\behavior\AdminLog @app_end [ RunTime:0.000293s ]
[ info ] [ LOG ] INIT File
---------------------------------------------------------------
[ 2020-11-27T17:54:38+08:00 ] 192.168.3.1 GET 192.168.3.1:81/admin.php/ajax/lang?callback=define&controllername=order.order&v=1606470877
[运行时间：0.182089s] [吞吐率：5.49req/s] [内存消耗：4,414.05kb] [文件加载：134]
[ info ] [ BEHAVIOR ] Run Closure @app_init [ RunTime:0.000016s ]
[ info ] [ CACHE ] INIT File
[ info ] [ BEHAVIOR ] Run Closure @app_init [ RunTime:0.002686s ]
[ info ] [ LANG ] D:\WWW\zbjg\thinkphp\lang\zh-cn.php
[ info ] [ BEHAVIOR ] Run app\common\behavior\Common @app_dispatch [ RunTime:0.000492s ]
[ info ] [ ROUTE ] array (
  'type' => 'module',
  'module' => 
  array (
    0 => 'admin',
    1 => 'ajax',
    2 => 'lang',
  ),
)
[ info ] [ HEADER ] array (
  'cookie' => 'keeplogin=1%7C86400%7C1605072779%7Cf41519a194da04be22144653880d28d8; PHPSESSID=j2p1hl2s6god24rq6dhnkq5a5s',
  'accept-language' => 'zh-CN,zh;q=0.9',
  'accept-encoding' => 'gzip, deflate',
  'referer' => 'http://192.168.3.1:81/admin.php/order/order/next3?order_id=7',
  'accept' => '*/*',
  'user-agent' => 'Mozilla/5.0 (Windows NT 10.0; Win64; x64) AppleWebKit/537.36 (KHTML, like Gecko) Chrome/87.0.4280.66 Safari/537.36',
  'connection' => 'keep-alive',
  'host' => '192.168.3.1:81',
  'content-length' => '',
  'content-type' => '',
)
[ info ] [ PARAM ] array (
  'callback' => 'define',
  'controllername' => 'order.order',
  'v' => '1606470877',
)
[ info ] [ LANG ] D:\WWW\zbjg\public/../application/admin\lang\zh-cn.php
[ info ] [ BEHAVIOR ] Run app\common\behavior\Common @module_init [ RunTime:0.001283s ]
[ info ] [ SESSION ] INIT array (
  'id' => '',
  'var_session_id' => '',
  'prefix' => 'think',
  'type' => '',
  'auto_start' => true,
)
[ info ] [ DB ] INIT mysql
[ info ] [ LANG ] D:\WWW\zbjg\public/../application/admin/lang/zh-cn/ajax.php
[ info ] [ RUN ] app\admin\controller\Ajax->lang[ D:\WWW\zbjg\application\admin\controller\Ajax.php ]
[ info ] [ LANG ] D:\WWW\zbjg\public/../application/admin/lang/zh-cn/order/order.php
[ info ] [ BEHAVIOR ] Run app\admin\behavior\AdminLog @app_end [ RunTime:0.000388s ]
[ info ] [ LOG ] INIT File
---------------------------------------------------------------
[ 2020-11-27T17:54:39+08:00 ] 192.168.3.1 GET 192.168.3.1:81/admin.php/order/order/next3?order_id=7&sort=id&order=desc&offset=0&limit=10&filter=%7B%22order_id%22%3A%227%22%7D&op=%7B%22order_id%22%3A%22%3D%22%7D&_=1606470878440
[运行时间：0.280928s] [吞吐率：3.56req/s] [内存消耗：4,473.21kb] [文件加载：135]
[ info ] [ BEHAVIOR ] Run Closure @app_init [ RunTime:0.000016s ]
[ info ] [ CACHE ] INIT File
[ info ] [ BEHAVIOR ] Run Closure @app_init [ RunTime:0.002935s ]
[ info ] [ LANG ] D:\WWW\zbjg\thinkphp\lang\zh-cn.php
[ info ] [ BEHAVIOR ] Run app\common\behavior\Common @app_dispatch [ RunTime:0.000522s ]
[ info ] [ ROUTE ] array (
  'type' => 'module',
  'module' => 
  array (
    0 => 'admin',
    1 => 'order.order',
    2 => 'next3',
  ),
)
[ info ] [ HEADER ] array (
  'cookie' => 'keeplogin=1%7C86400%7C1605072779%7Cf41519a194da04be22144653880d28d8; PHPSESSID=j2p1hl2s6god24rq6dhnkq5a5s',
  'accept-language' => 'zh-CN,zh;q=0.9',
  'accept-encoding' => 'gzip, deflate',
  'referer' => 'http://192.168.3.1:81/admin.php/order/order/next3?order_id=7',
  'content-type' => 'application/json',
  'user-agent' => 'Mozilla/5.0 (Windows NT 10.0; Win64; x64) AppleWebKit/537.36 (KHTML, like Gecko) Chrome/87.0.4280.66 Safari/537.36',
  'x-requested-with' => 'XMLHttpRequest',
  'accept' => 'application/json, text/javascript, */*; q=0.01',
  'connection' => 'keep-alive',
  'host' => '192.168.3.1:81',
  'content-length' => '',
)
[ info ] [ PARAM ] array (
  'order_id' => '7',
  'sort' => 'id',
  'order' => 'desc',
  'offset' => '0',
  'limit' => '10',
  'filter' => '{"order_id":"7"}',
  'op' => '{"order_id":"="}',
  '_' => '1606470878440',
)
[ info ] [ LANG ] D:\WWW\zbjg\public/../application/admin\lang\zh-cn.php
[ info ] [ BEHAVIOR ] Run app\common\behavior\Common @module_init [ RunTime:0.001738s ]
[ info ] [ SESSION ] INIT array (
  'id' => '',
  'var_session_id' => '',
  'prefix' => 'think',
  'type' => '',
  'auto_start' => true,
)
[ info ] [ DB ] INIT mysql
[ info ] [ LANG ] D:\WWW\zbjg\public/../application/admin/lang/zh-cn/order/order.php
[ info ] [ RUN ] app\admin\controller\order\Order->next3[ D:\WWW\zbjg\application\admin\controller\order\Order.php ]
[ info ] [ BEHAVIOR ] Run app\admin\behavior\AdminLog @app_end [ RunTime:0.000335s ]
[ info ] [ LOG ] INIT File
---------------------------------------------------------------
[ 2020-11-27T17:54:43+08:00 ] 192.168.3.1 GET 192.168.3.1:81/admin.php/order/order/next3?order_id=7&sort=id&order=desc&offset=0&limit=10&filter=%7B%22goods_name%22%3A%22%E8%8F%9C%22%2C%22order_id%22%3A%227%22%7D&op=%7B%22goods_name%22%3A%22LIKE+%25...%25%22%2C%22order_id%22%3A%22%3D%22%7D&_=1606470878441
[运行时间：0.302616s] [吞吐率：3.30req/s] [内存消耗：4,474.21kb] [文件加载：135]
[ info ] [ BEHAVIOR ] Run Closure @app_init [ RunTime:0.000013s ]
[ info ] [ CACHE ] INIT File
[ info ] [ BEHAVIOR ] Run Closure @app_init [ RunTime:0.007474s ]
[ info ] [ LANG ] D:\WWW\zbjg\thinkphp\lang\zh-cn.php
[ info ] [ BEHAVIOR ] Run app\common\behavior\Common @app_dispatch [ RunTime:0.000756s ]
[ info ] [ ROUTE ] array (
  'type' => 'module',
  'module' => 
  array (
    0 => 'admin',
    1 => 'order.order',
    2 => 'next3',
  ),
)
[ info ] [ HEADER ] array (
  'cookie' => 'keeplogin=1%7C86400%7C1605072779%7Cf41519a194da04be22144653880d28d8; PHPSESSID=j2p1hl2s6god24rq6dhnkq5a5s',
  'accept-language' => 'zh-CN,zh;q=0.9',
  'accept-encoding' => 'gzip, deflate',
  'referer' => 'http://192.168.3.1:81/admin.php/order/order/next3?order_id=7',
  'content-type' => 'application/json',
  'user-agent' => 'Mozilla/5.0 (Windows NT 10.0; Win64; x64) AppleWebKit/537.36 (KHTML, like Gecko) Chrome/87.0.4280.66 Safari/537.36',
  'x-requested-with' => 'XMLHttpRequest',
  'accept' => 'application/json, text/javascript, */*; q=0.01',
  'connection' => 'keep-alive',
  'host' => '192.168.3.1:81',
  'content-length' => '',
)
[ info ] [ PARAM ] array (
  'order_id' => '7',
  'sort' => 'id',
  'order' => 'desc',
  'offset' => '0',
  'limit' => '10',
  'filter' => '{"goods_name":"菜","order_id":"7"}',
  'op' => '{"goods_name":"LIKE %...%","order_id":"="}',
  '_' => '1606470878441',
)
[ info ] [ LANG ] D:\WWW\zbjg\public/../application/admin\lang\zh-cn.php
[ info ] [ BEHAVIOR ] Run app\common\behavior\Common @module_init [ RunTime:0.001392s ]
[ info ] [ SESSION ] INIT array (
  'id' => '',
  'var_session_id' => '',
  'prefix' => 'think',
  'type' => '',
  'auto_start' => true,
)
[ info ] [ DB ] INIT mysql
[ info ] [ LANG ] D:\WWW\zbjg\public/../application/admin/lang/zh-cn/order/order.php
[ info ] [ RUN ] app\admin\controller\order\Order->next3[ D:\WWW\zbjg\application\admin\controller\order\Order.php ]
[ info ] [ BEHAVIOR ] Run app\admin\behavior\AdminLog @app_end [ RunTime:0.000303s ]
[ info ] [ LOG ] INIT File
---------------------------------------------------------------
[ 2020-11-27T17:54:47+08:00 ] 192.168.3.1 GET 192.168.3.1:81/admin.php/auth/department/index?addtabs=1&sort=weigh&order=desc&offset=0&limit=10&filter=%7B%7D&op=%7B%7D&_=1606470269759
[运行时间：0.314893s] [吞吐率：3.18req/s] [内存消耗：4,378.13kb] [文件加载：137]
[ info ] [ BEHAVIOR ] Run Closure @app_init [ RunTime:0.000026s ]
[ info ] [ CACHE ] INIT File
[ info ] [ BEHAVIOR ] Run Closure @app_init [ RunTime:0.004354s ]
[ info ] [ LANG ] D:\WWW\zbjg\thinkphp\lang\zh-cn.php
[ info ] [ BEHAVIOR ] Run app\common\behavior\Common @app_dispatch [ RunTime:0.000558s ]
[ info ] [ ROUTE ] array (
  'type' => 'module',
  'module' => 
  array (
    0 => 'admin',
    1 => 'auth.department',
    2 => 'index',
  ),
)
[ info ] [ HEADER ] array (
  'cookie' => 'keeplogin=1%7C86400%7C1605072779%7Cf41519a194da04be22144653880d28d8; PHPSESSID=j2p1hl2s6god24rq6dhnkq5a5s',
  'accept-language' => 'zh-CN,zh;q=0.9',
  'accept-encoding' => 'gzip, deflate',
  'referer' => 'http://192.168.3.1:81/admin.php/auth/department?addtabs=1',
  'content-type' => 'application/json',
  'user-agent' => 'Mozilla/5.0 (Windows NT 10.0; Win64; x64) AppleWebKit/537.36 (KHTML, like Gecko) Chrome/87.0.4280.66 Safari/537.36',
  'x-requested-with' => 'XMLHttpRequest',
  'accept' => 'application/json, text/javascript, */*; q=0.01',
  'connection' => 'keep-alive',
  'host' => '192.168.3.1:81',
  'content-length' => '',
)
[ info ] [ PARAM ] array (
  'addtabs' => '1',
  'sort' => 'weigh',
  'order' => 'desc',
  'offset' => '0',
  'limit' => '10',
  'filter' => '{}',
  'op' => '{}',
  '_' => '1606470269759',
)
[ info ] [ LANG ] D:\WWW\zbjg\public/../application/admin\lang\zh-cn.php
[ info ] [ BEHAVIOR ] Run app\common\behavior\Common @module_init [ RunTime:0.002427s ]
[ info ] [ SESSION ] INIT array (
  'id' => '',
  'var_session_id' => '',
  'prefix' => 'think',
  'type' => '',
  'auto_start' => true,
)
[ info ] [ DB ] INIT mysql
[ info ] [ LANG ] D:\WWW\zbjg\public/../application/admin/lang/zh-cn/auth/department.php
[ info ] [ RUN ] app\common\controller\Backend->index[ D:\WWW\zbjg\application\admin\library\traits\Backend.php ]
[ info ] [ BEHAVIOR ] Run app\admin\behavior\AdminLog @app_end [ RunTime:0.000440s ]
[ info ] [ LOG ] INIT File
---------------------------------------------------------------
[ 2020-11-27T17:54:47+08:00 ] 192.168.3.1 GET 192.168.3.1:81/admin.php/stock/deliverylog/index?addtabs=1&sort=id&order=desc&offset=0&limit=10&filter=%7B%7D&op=%7B%7D&_=1606470531343
[运行时间：0.371390s] [吞吐率：2.69req/s] [内存消耗：4,365.13kb] [文件加载：136]
[ info ] [ BEHAVIOR ] Run Closure @app_init [ RunTime:0.000021s ]
[ info ] [ CACHE ] INIT File
[ info ] [ BEHAVIOR ] Run Closure @app_init [ RunTime:0.020809s ]
[ info ] [ LANG ] D:\WWW\zbjg\thinkphp\lang\zh-cn.php
[ info ] [ BEHAVIOR ] Run app\common\behavior\Common @app_dispatch [ RunTime:0.001359s ]
[ info ] [ ROUTE ] array (
  'type' => 'module',
  'module' => 
  array (
    0 => 'admin',
    1 => 'stock.deliverylog',
    2 => 'index',
  ),
)
[ info ] [ HEADER ] array (
  'cookie' => 'keeplogin=1%7C86400%7C1605072779%7Cf41519a194da04be22144653880d28d8; PHPSESSID=j2p1hl2s6god24rq6dhnkq5a5s',
  'accept-language' => 'zh-CN,zh;q=0.9',
  'accept-encoding' => 'gzip, deflate',
  'referer' => 'http://192.168.3.1:81/admin.php/stock/deliverylog?addtabs=1',
  'content-type' => 'application/json',
  'user-agent' => 'Mozilla/5.0 (Windows NT 10.0; Win64; x64) AppleWebKit/537.36 (KHTML, like Gecko) Chrome/87.0.4280.66 Safari/537.36',
  'x-requested-with' => 'XMLHttpRequest',
  'accept' => 'application/json, text/javascript, */*; q=0.01',
  'connection' => 'keep-alive',
  'host' => '192.168.3.1:81',
  'content-length' => '',
)
[ info ] [ PARAM ] array (
  'addtabs' => '1',
  'sort' => 'id',
  'order' => 'desc',
  'offset' => '0',
  'limit' => '10',
  'filter' => '{}',
  'op' => '{}',
  '_' => '1606470531343',
)
[ info ] [ LANG ] D:\WWW\zbjg\public/../application/admin\lang\zh-cn.php
[ info ] [ BEHAVIOR ] Run app\common\behavior\Common @module_init [ RunTime:0.001520s ]
[ info ] [ SESSION ] INIT array (
  'id' => '',
  'var_session_id' => '',
  'prefix' => 'think',
  'type' => '',
  'auto_start' => true,
)
[ info ] [ DB ] INIT mysql
[ info ] [ LANG ] D:\WWW\zbjg\public/../application/admin/lang/zh-cn/stock/deliverylog.php
[ info ] [ RUN ] app\admin\controller\stock\Deliverylog->index[ D:\WWW\zbjg\application\admin\controller\stock\Deliverylog.php ]
[ info ] [ BEHAVIOR ] Run app\admin\behavior\AdminLog @app_end [ RunTime:0.000186s ]
[ info ] [ LOG ] INIT File
---------------------------------------------------------------
[ 2020-11-27T17:54:47+08:00 ] 192.168.3.1 GET 192.168.3.1:81/admin.php/auth/department/index?addtabs=1&sort=weigh&order=desc&offset=0&limit=10&filter=%7B%7D&op=%7B%7D&_=1606470269760
[运行时间：0.411872s] [吞吐率：2.43req/s] [内存消耗：4,378.13kb] [文件加载：137]
[ info ] [ BEHAVIOR ] Run Closure @app_init [ RunTime:0.000024s ]
[ info ] [ CACHE ] INIT File
[ info ] [ BEHAVIOR ] Run Closure @app_init [ RunTime:0.002551s ]
[ info ] [ LANG ] D:\WWW\zbjg\thinkphp\lang\zh-cn.php
[ info ] [ BEHAVIOR ] Run app\common\behavior\Common @app_dispatch [ RunTime:0.001129s ]
[ info ] [ ROUTE ] array (
  'type' => 'module',
  'module' => 
  array (
    0 => 'admin',
    1 => 'auth.department',
    2 => 'index',
  ),
)
[ info ] [ HEADER ] array (
  'cookie' => 'keeplogin=1%7C86400%7C1605072779%7Cf41519a194da04be22144653880d28d8; PHPSESSID=j2p1hl2s6god24rq6dhnkq5a5s',
  'accept-language' => 'zh-CN,zh;q=0.9',
  'accept-encoding' => 'gzip, deflate',
  'referer' => 'http://192.168.3.1:81/admin.php/auth/department?addtabs=1',
  'content-type' => 'application/json',
  'user-agent' => 'Mozilla/5.0 (Windows NT 10.0; Win64; x64) AppleWebKit/537.36 (KHTML, like Gecko) Chrome/87.0.4280.66 Safari/537.36',
  'x-requested-with' => 'XMLHttpRequest',
  'accept' => 'application/json, text/javascript, */*; q=0.01',
  'connection' => 'keep-alive',
  'host' => '192.168.3.1:81',
  'content-length' => '',
)
[ info ] [ PARAM ] array (
  'addtabs' => '1',
  'sort' => 'weigh',
  'order' => 'desc',
  'offset' => '0',
  'limit' => '10',
  'filter' => '{}',
  'op' => '{}',
  '_' => '1606470269760',
)
[ info ] [ LANG ] D:\WWW\zbjg\public/../application/admin\lang\zh-cn.php
[ info ] [ BEHAVIOR ] Run app\common\behavior\Common @module_init [ RunTime:0.002172s ]
[ info ] [ SESSION ] INIT array (
  'id' => '',
  'var_session_id' => '',
  'prefix' => 'think',
  'type' => '',
  'auto_start' => true,
)
[ info ] [ DB ] INIT mysql
[ info ] [ LANG ] D:\WWW\zbjg\public/../application/admin/lang/zh-cn/auth/department.php
[ info ] [ RUN ] app\common\controller\Backend->index[ D:\WWW\zbjg\application\admin\library\traits\Backend.php ]
[ info ] [ BEHAVIOR ] Run app\admin\behavior\AdminLog @app_end [ RunTime:0.001607s ]
[ info ] [ LOG ] INIT File
---------------------------------------------------------------
[ 2020-11-27T17:54:54+08:00 ] 192.168.3.1 GET 192.168.3.1:81/admin.php/order/order/index?addtabs=1&sort=id&order=desc&offset=0&limit=10&filter=%7B%7D&op=%7B%7D&_=1606470541047
[运行时间：0.297401s] [吞吐率：3.36req/s] [内存消耗：4,607.25kb] [文件加载：142]
[ info ] [ BEHAVIOR ] Run Closure @app_init [ RunTime:0.000034s ]
[ info ] [ CACHE ] INIT File
[ info ] [ BEHAVIOR ] Run Closure @app_init [ RunTime:0.011327s ]
[ info ] [ LANG ] D:\WWW\zbjg\thinkphp\lang\zh-cn.php
[ info ] [ BEHAVIOR ] Run app\common\behavior\Common @app_dispatch [ RunTime:0.000660s ]
[ info ] [ ROUTE ] array (
  'type' => 'module',
  'module' => 
  array (
    0 => 'admin',
    1 => 'order.order',
    2 => 'index',
  ),
)
[ info ] [ HEADER ] array (
  'cookie' => 'keeplogin=1%7C86400%7C1605072779%7Cf41519a194da04be22144653880d28d8; PHPSESSID=j2p1hl2s6god24rq6dhnkq5a5s',
  'accept-language' => 'zh-CN,zh;q=0.9',
  'accept-encoding' => 'gzip, deflate',
  'referer' => 'http://192.168.3.1:81/admin.php/order/order?addtabs=1',
  'content-type' => 'application/json',
  'user-agent' => 'Mozilla/5.0 (Windows NT 10.0; Win64; x64) AppleWebKit/537.36 (KHTML, like Gecko) Chrome/87.0.4280.66 Safari/537.36',
  'x-requested-with' => 'XMLHttpRequest',
  'accept' => 'application/json, text/javascript, */*; q=0.01',
  'connection' => 'keep-alive',
  'host' => '192.168.3.1:81',
  'content-length' => '',
)
[ info ] [ PARAM ] array (
  'addtabs' => '1',
  'sort' => 'id',
  'order' => 'desc',
  'offset' => '0',
  'limit' => '10',
  'filter' => '{}',
  'op' => '{}',
  '_' => '1606470541047',
)
[ info ] [ LANG ] D:\WWW\zbjg\public/../application/admin\lang\zh-cn.php
[ info ] [ BEHAVIOR ] Run app\common\behavior\Common @module_init [ RunTime:0.001810s ]
[ info ] [ SESSION ] INIT array (
  'id' => '',
  'var_session_id' => '',
  'prefix' => 'think',
  'type' => '',
  'auto_start' => true,
)
[ info ] [ DB ] INIT mysql
[ info ] [ LANG ] D:\WWW\zbjg\public/../application/admin/lang/zh-cn/order/order.php
[ info ] [ RUN ] app\admin\controller\order\Order->index[ D:\WWW\zbjg\application\admin\controller\order\Order.php ]
[ info ] [ BEHAVIOR ] Run app\admin\behavior\AdminLog @app_end [ RunTime:0.000769s ]
[ info ] [ LOG ] INIT File
---------------------------------------------------------------
[ 2020-11-27T17:54:55+08:00 ] 192.168.3.1 GET 192.168.3.1:81/admin.php/order/order/add?dialog=1
[运行时间：0.229979s] [吞吐率：4.35req/s] [内存消耗：4,614.70kb] [文件加载：136]
[ info ] [ BEHAVIOR ] Run Closure @app_init [ RunTime:0.000024s ]
[ info ] [ CACHE ] INIT File
[ info ] [ BEHAVIOR ] Run Closure @app_init [ RunTime:0.011129s ]
[ info ] [ LANG ] D:\WWW\zbjg\thinkphp\lang\zh-cn.php
[ info ] [ BEHAVIOR ] Run app\common\behavior\Common @app_dispatch [ RunTime:0.000491s ]
[ info ] [ ROUTE ] array (
  'type' => 'module',
  'module' => 
  array (
    0 => 'admin',
    1 => 'order.order',
    2 => 'add',
  ),
)
[ info ] [ HEADER ] array (
  'cookie' => 'keeplogin=1%7C86400%7C1605072779%7Cf41519a194da04be22144653880d28d8; PHPSESSID=j2p1hl2s6god24rq6dhnkq5a5s',
  'accept-language' => 'zh-CN,zh;q=0.9',
  'accept-encoding' => 'gzip, deflate',
  'referer' => 'http://192.168.3.1:81/admin.php/order/order?addtabs=1',
  'accept' => 'text/html,application/xhtml+xml,application/xml;q=0.9,image/avif,image/webp,image/apng,*/*;q=0.8,application/signed-exchange;v=b3;q=0.9',
  'user-agent' => 'Mozilla/5.0 (Windows NT 10.0; Win64; x64) AppleWebKit/537.36 (KHTML, like Gecko) Chrome/87.0.4280.66 Safari/537.36',
  'upgrade-insecure-requests' => '1',
  'connection' => 'keep-alive',
  'host' => '192.168.3.1:81',
  'content-length' => '',
  'content-type' => '',
)
[ info ] [ PARAM ] array (
  'dialog' => '1',
)
[ info ] [ LANG ] D:\WWW\zbjg\public/../application/admin\lang\zh-cn.php
[ info ] [ BEHAVIOR ] Run app\common\behavior\Common @module_init [ RunTime:0.001891s ]
[ info ] [ SESSION ] INIT array (
  'id' => '',
  'var_session_id' => '',
  'prefix' => 'think',
  'type' => '',
  'auto_start' => true,
)
[ info ] [ DB ] INIT mysql
[ info ] [ LANG ] D:\WWW\zbjg\public/../application/admin/lang/zh-cn/order/order.php
[ info ] [ RUN ] app\admin\controller\order\Order->add[ D:\WWW\zbjg\application\admin\controller\order\Order.php ]
[ info ] [ VIEW ] D:\WWW\zbjg\public/../application/admin\view\order\order\add.html [ array (
  0 => 'breadcrumb',
  1 => 'site',
  2 => 'config',
  3 => 'auth',
  4 => 'admin',
  5 => 'statusList',
) ]
[ info ] [ BEHAVIOR ] Run app\admin\behavior\AdminLog @app_end [ RunTime:0.000319s ]
[ info ] [ LOG ] INIT File
---------------------------------------------------------------
[ 2020-11-27T17:54:55+08:00 ] 192.168.3.1 GET 192.168.3.1:81/admin.php/ajax/lang?callback=define&controllername=order.order&v=1606470895
[运行时间：0.145995s] [吞吐率：6.85req/s] [内存消耗：4,414.05kb] [文件加载：134]
[ info ] [ BEHAVIOR ] Run Closure @app_init [ RunTime:0.000021s ]
[ info ] [ CACHE ] INIT File
[ info ] [ BEHAVIOR ] Run Closure @app_init [ RunTime:0.003666s ]
[ info ] [ LANG ] D:\WWW\zbjg\thinkphp\lang\zh-cn.php
[ info ] [ BEHAVIOR ] Run app\common\behavior\Common @app_dispatch [ RunTime:0.000473s ]
[ info ] [ ROUTE ] array (
  'type' => 'module',
  'module' => 
  array (
    0 => 'admin',
    1 => 'ajax',
    2 => 'lang',
  ),
)
[ info ] [ HEADER ] array (
  'cookie' => 'keeplogin=1%7C86400%7C1605072779%7Cf41519a194da04be22144653880d28d8; PHPSESSID=j2p1hl2s6god24rq6dhnkq5a5s',
  'accept-language' => 'zh-CN,zh;q=0.9',
  'accept-encoding' => 'gzip, deflate',
  'referer' => 'http://192.168.3.1:81/admin.php/order/order/add?dialog=1',
  'accept' => '*/*',
  'user-agent' => 'Mozilla/5.0 (Windows NT 10.0; Win64; x64) AppleWebKit/537.36 (KHTML, like Gecko) Chrome/87.0.4280.66 Safari/537.36',
  'connection' => 'keep-alive',
  'host' => '192.168.3.1:81',
  'content-length' => '',
  'content-type' => '',
)
[ info ] [ PARAM ] array (
  'callback' => 'define',
  'controllername' => 'order.order',
  'v' => '1606470895',
)
[ info ] [ LANG ] D:\WWW\zbjg\public/../application/admin\lang\zh-cn.php
[ info ] [ BEHAVIOR ] Run app\common\behavior\Common @module_init [ RunTime:0.001839s ]
[ info ] [ SESSION ] INIT array (
  'id' => '',
  'var_session_id' => '',
  'prefix' => 'think',
  'type' => '',
  'auto_start' => true,
)
[ info ] [ DB ] INIT mysql
[ info ] [ LANG ] D:\WWW\zbjg\public/../application/admin/lang/zh-cn/ajax.php
[ info ] [ RUN ] app\admin\controller\Ajax->lang[ D:\WWW\zbjg\application\admin\controller\Ajax.php ]
[ info ] [ LANG ] D:\WWW\zbjg\public/../application/admin/lang/zh-cn/order/order.php
[ info ] [ BEHAVIOR ] Run app\admin\behavior\AdminLog @app_end [ RunTime:0.000191s ]
[ info ] [ LOG ] INIT File
---------------------------------------------------------------
[ 2020-11-27T17:54:56+08:00 ] 192.168.3.1 POST 192.168.3.1:81/admin.php/auth/department/select_list
[运行时间：0.236131s] [吞吐率：4.23req/s] [内存消耗：4,338.13kb] [文件加载：136]
[ info ] [ BEHAVIOR ] Run Closure @app_init [ RunTime:0.000024s ]
[ info ] [ CACHE ] INIT File
[ info ] [ BEHAVIOR ] Run Closure @app_init [ RunTime:0.003601s ]
[ info ] [ LANG ] D:\WWW\zbjg\thinkphp\lang\zh-cn.php
[ info ] [ BEHAVIOR ] Run app\common\behavior\Common @app_dispatch [ RunTime:0.000500s ]
[ info ] [ ROUTE ] array (
  'type' => 'module',
  'module' => 
  array (
    0 => 'admin',
    1 => 'auth.department',
    2 => 'select_list',
  ),
)
[ info ] [ HEADER ] array (
  'cookie' => 'keeplogin=1%7C86400%7C1605072779%7Cf41519a194da04be22144653880d28d8; PHPSESSID=j2p1hl2s6god24rq6dhnkq5a5s',
  'accept-language' => 'zh-CN,zh;q=0.9',
  'accept-encoding' => 'gzip, deflate',
  'referer' => 'http://192.168.3.1:81/admin.php/order/order/add?dialog=1',
  'origin' => 'http://192.168.3.1:81',
  'content-type' => 'application/x-www-form-urlencoded; charset=UTF-8',
  'user-agent' => 'Mozilla/5.0 (Windows NT 10.0; Win64; x64) AppleWebKit/537.36 (KHTML, like Gecko) Chrome/87.0.4280.66 Safari/537.36',
  'x-requested-with' => 'XMLHttpRequest',
  'accept' => 'application/json, text/javascript, */*; q=0.01',
  'content-length' => '171',
  'connection' => 'keep-alive',
  'host' => '192.168.3.1:81',
)
[ info ] [ PARAM ] array (
  'q_word' => 
  array (
    0 => '',
  ),
  'pageNumber' => '1',
  'pageSize' => '10',
  'andOr' => 'AND',
  'orderBy' => 
  array (
    0 => 
    array (
      0 => 'name',
      1 => 'ASC',
    ),
  ),
  'searchTable' => 'tbl',
  'showField' => 'name',
  'keyField' => 'id',
  'searchField' => 
  array (
    0 => 'name',
  ),
  'name' => '',
)
[ info ] [ LANG ] D:\WWW\zbjg\public/../application/admin\lang\zh-cn.php
[ info ] [ BEHAVIOR ] Run app\common\behavior\Common @module_init [ RunTime:0.001679s ]
[ info ] [ SESSION ] INIT array (
  'id' => '',
  'var_session_id' => '',
  'prefix' => 'think',
  'type' => '',
  'auto_start' => true,
)
[ info ] [ DB ] INIT mysql
[ info ] [ LANG ] D:\WWW\zbjg\public/../application/admin/lang/zh-cn/auth/department.php
[ info ] [ RUN ] app\admin\controller\auth\Department->select_list[ D:\WWW\zbjg\application\admin\controller\auth\Department.php ]
[ info ] [ BEHAVIOR ] Run app\admin\behavior\AdminLog @app_end [ RunTime:0.029591s ]
[ info ] [ LOG ] INIT File
---------------------------------------------------------------
[ 2020-11-27T17:54:58+08:00 ] 192.168.3.1 POST 192.168.3.1:81/admin.php/supplier/supplier/select_list
[运行时间：0.247663s] [吞吐率：4.04req/s] [内存消耗：4,323.70kb] [文件加载：135]
[ info ] [ BEHAVIOR ] Run Closure @app_init [ RunTime:0.000038s ]
[ info ] [ CACHE ] INIT File
[ info ] [ BEHAVIOR ] Run Closure @app_init [ RunTime:0.003722s ]
[ info ] [ LANG ] D:\WWW\zbjg\thinkphp\lang\zh-cn.php
[ info ] [ BEHAVIOR ] Run app\common\behavior\Common @app_dispatch [ RunTime:0.000272s ]
[ info ] [ ROUTE ] array (
  'type' => 'module',
  'module' => 
  array (
    0 => 'admin',
    1 => 'supplier.supplier',
    2 => 'select_list',
  ),
)
[ info ] [ HEADER ] array (
  'cookie' => 'keeplogin=1%7C86400%7C1605072779%7Cf41519a194da04be22144653880d28d8; PHPSESSID=j2p1hl2s6god24rq6dhnkq5a5s',
  'accept-language' => 'zh-CN,zh;q=0.9',
  'accept-encoding' => 'gzip, deflate',
  'referer' => 'http://192.168.3.1:81/admin.php/order/order/add?dialog=1',
  'origin' => 'http://192.168.3.1:81',
  'content-type' => 'application/x-www-form-urlencoded; charset=UTF-8',
  'user-agent' => 'Mozilla/5.0 (Windows NT 10.0; Win64; x64) AppleWebKit/537.36 (KHTML, like Gecko) Chrome/87.0.4280.66 Safari/537.36',
  'x-requested-with' => 'XMLHttpRequest',
  'accept' => 'application/json, text/javascript, */*; q=0.01',
  'content-length' => '171',
  'connection' => 'keep-alive',
  'host' => '192.168.3.1:81',
)
[ info ] [ PARAM ] array (
  'q_word' => 
  array (
    0 => '',
  ),
  'pageNumber' => '1',
  'pageSize' => '10',
  'andOr' => 'AND',
  'orderBy' => 
  array (
    0 => 
    array (
      0 => 'name',
      1 => 'ASC',
    ),
  ),
  'searchTable' => 'tbl',
  'showField' => 'name',
  'keyField' => 'id',
  'searchField' => 
  array (
    0 => 'name',
  ),
  'name' => '',
)
[ info ] [ LANG ] D:\WWW\zbjg\public/../application/admin\lang\zh-cn.php
[ info ] [ BEHAVIOR ] Run app\common\behavior\Common @module_init [ RunTime:0.001083s ]
[ info ] [ SESSION ] INIT array (
  'id' => '',
  'var_session_id' => '',
  'prefix' => 'think',
  'type' => '',
  'auto_start' => true,
)
[ info ] [ DB ] INIT mysql
[ info ] [ LANG ] D:\WWW\zbjg\public/../application/admin/lang/zh-cn/supplier/supplier.php
[ info ] [ RUN ] app\admin\controller\supplier\Supplier->select_list[ D:\WWW\zbjg\application\admin\controller\supplier\Supplier.php ]
[ info ] [ BEHAVIOR ] Run app\admin\behavior\AdminLog @app_end [ RunTime:0.030372s ]
[ info ] [ LOG ] INIT File
---------------------------------------------------------------
[ 2020-11-27T17:55:00+08:00 ] 192.168.3.1 POST 192.168.3.1:81/admin.php/order/order/add?dialog=1
[运行时间：0.235325s] [吞吐率：4.25req/s] [内存消耗：4,428.52kb] [文件加载：136]
[ info ] [ BEHAVIOR ] Run Closure @app_init [ RunTime:0.000023s ]
[ info ] [ CACHE ] INIT File
[ info ] [ BEHAVIOR ] Run Closure @app_init [ RunTime:0.009948s ]
[ info ] [ LANG ] D:\WWW\zbjg\thinkphp\lang\zh-cn.php
[ info ] [ BEHAVIOR ] Run app\common\behavior\Common @app_dispatch [ RunTime:0.000277s ]
[ info ] [ ROUTE ] array (
  'type' => 'module',
  'module' => 
  array (
    0 => 'admin',
    1 => 'order.order',
    2 => 'add',
  ),
)
[ info ] [ HEADER ] array (
  'cookie' => 'keeplogin=1%7C86400%7C1605072779%7Cf41519a194da04be22144653880d28d8; PHPSESSID=j2p1hl2s6god24rq6dhnkq5a5s',
  'accept-language' => 'zh-CN,zh;q=0.9',
  'accept-encoding' => 'gzip, deflate',
  'referer' => 'http://192.168.3.1:81/admin.php/order/order/add?dialog=1',
  'origin' => 'http://192.168.3.1:81',
  'content-type' => 'application/x-www-form-urlencoded; charset=UTF-8',
  'user-agent' => 'Mozilla/5.0 (Windows NT 10.0; Win64; x64) AppleWebKit/537.36 (KHTML, like Gecko) Chrome/87.0.4280.66 Safari/537.36',
  'x-requested-with' => 'XMLHttpRequest',
  'accept' => 'application/json, text/javascript, */*; q=0.01',
  'content-length' => '194',
  'connection' => 'keep-alive',
  'host' => '192.168.3.1:81',
)
[ info ] [ PARAM ] array (
  'dialog' => '1',
  'row' => 
  array (
    'department_id' => '2',
    'supplier_id' => '1',
    'sendtime' => '2020-11-28 00:00',
  ),
)
[ info ] [ LANG ] D:\WWW\zbjg\public/../application/admin\lang\zh-cn.php
[ info ] [ BEHAVIOR ] Run app\common\behavior\Common @module_init [ RunTime:0.001385s ]
[ info ] [ SESSION ] INIT array (
  'id' => '',
  'var_session_id' => '',
  'prefix' => 'think',
  'type' => '',
  'auto_start' => true,
)
[ info ] [ DB ] INIT mysql
[ info ] [ LANG ] D:\WWW\zbjg\public/../application/admin/lang/zh-cn/order/order.php
[ info ] [ RUN ] app\admin\controller\order\Order->add[ D:\WWW\zbjg\application\admin\controller\order\Order.php ]
[ info ] [ BEHAVIOR ] Run app\admin\behavior\AdminLog @app_end [ RunTime:0.036594s ]
[ info ] [ LOG ] INIT File
---------------------------------------------------------------
[ 2020-11-27T17:55:00+08:00 ] 192.168.3.1 GET 192.168.3.1:81/admin.php/order/order/next?send_time=1606492800&department_id=2&supplier_id=1&addtabs=1
[运行时间：0.261439s] [吞吐率：3.82req/s] [内存消耗：4,571.01kb] [文件加载：136]
[ info ] [ BEHAVIOR ] Run Closure @app_init [ RunTime:0.000017s ]
[ info ] [ CACHE ] INIT File
[ info ] [ BEHAVIOR ] Run Closure @app_init [ RunTime:0.002896s ]
[ info ] [ LANG ] D:\WWW\zbjg\thinkphp\lang\zh-cn.php
[ info ] [ BEHAVIOR ] Run app\common\behavior\Common @app_dispatch [ RunTime:0.001104s ]
[ info ] [ ROUTE ] array (
  'type' => 'module',
  'module' => 
  array (
    0 => 'admin',
    1 => 'order.order',
    2 => 'next',
  ),
)
[ info ] [ HEADER ] array (
  'cookie' => 'keeplogin=1%7C86400%7C1605072779%7Cf41519a194da04be22144653880d28d8; PHPSESSID=j2p1hl2s6god24rq6dhnkq5a5s',
  'accept-language' => 'zh-CN,zh;q=0.9',
  'accept-encoding' => 'gzip, deflate',
  'referer' => 'http://192.168.3.1:81/admin.php/order/order/next?send_time=1606492800&department_id=2&supplier_id=1&ref=addtabs',
  'accept' => 'text/html,application/xhtml+xml,application/xml;q=0.9,image/avif,image/webp,image/apng,*/*;q=0.8,application/signed-exchange;v=b3;q=0.9',
  'user-agent' => 'Mozilla/5.0 (Windows NT 10.0; Win64; x64) AppleWebKit/537.36 (KHTML, like Gecko) Chrome/87.0.4280.66 Safari/537.36',
  'upgrade-insecure-requests' => '1',
  'connection' => 'keep-alive',
  'host' => '192.168.3.1:81',
  'content-length' => '',
  'content-type' => '',
)
[ info ] [ PARAM ] array (
  'send_time' => '1606492800',
  'department_id' => '2',
  'supplier_id' => '1',
  'addtabs' => '1',
)
[ info ] [ LANG ] D:\WWW\zbjg\public/../application/admin\lang\zh-cn.php
[ info ] [ BEHAVIOR ] Run app\common\behavior\Common @module_init [ RunTime:0.001638s ]
[ info ] [ SESSION ] INIT array (
  'id' => '',
  'var_session_id' => '',
  'prefix' => 'think',
  'type' => '',
  'auto_start' => true,
)
[ info ] [ DB ] INIT mysql
[ info ] [ LANG ] D:\WWW\zbjg\public/../application/admin/lang/zh-cn/order/order.php
[ info ] [ RUN ] app\admin\controller\order\Order->next[ D:\WWW\zbjg\application\admin\controller\order\Order.php ]
[ info ] [ VIEW ] D:\WWW\zbjg\public/../application/admin\view\order\order\next.html [ array (
  0 => 'breadcrumb',
  1 => 'site',
  2 => 'config',
  3 => 'auth',
  4 => 'admin',
  5 => 'statusList',
  6 => 'order_id',
) ]
[ info ] [ BEHAVIOR ] Run app\admin\behavior\AdminLog @app_end [ RunTime:0.000201s ]
[ info ] [ LOG ] INIT File
---------------------------------------------------------------
[ 2020-11-27T17:55:00+08:00 ] 192.168.3.1 GET 192.168.3.1:81/admin.php/order/order/index?addtabs=1&sort=id&order=desc&offset=0&limit=10&filter=%7B%7D&op=%7B%7D&_=1606470541048
[运行时间：0.431650s] [吞吐率：2.32req/s] [内存消耗：4,607.25kb] [文件加载：142]
[ info ] [ BEHAVIOR ] Run Closure @app_init [ RunTime:0.000029s ]
[ info ] [ CACHE ] INIT File
[ info ] [ BEHAVIOR ] Run Closure @app_init [ RunTime:0.003944s ]
[ info ] [ LANG ] D:\WWW\zbjg\thinkphp\lang\zh-cn.php
[ info ] [ BEHAVIOR ] Run app\common\behavior\Common @app_dispatch [ RunTime:0.000286s ]
[ info ] [ ROUTE ] array (
  'type' => 'module',
  'module' => 
  array (
    0 => 'admin',
    1 => 'order.order',
    2 => 'index',
  ),
)
[ info ] [ HEADER ] array (
  'cookie' => 'keeplogin=1%7C86400%7C1605072779%7Cf41519a194da04be22144653880d28d8; PHPSESSID=j2p1hl2s6god24rq6dhnkq5a5s',
  'accept-language' => 'zh-CN,zh;q=0.9',
  'accept-encoding' => 'gzip, deflate',
  'referer' => 'http://192.168.3.1:81/admin.php/order/order?addtabs=1',
  'content-type' => 'application/json',
  'user-agent' => 'Mozilla/5.0 (Windows NT 10.0; Win64; x64) AppleWebKit/537.36 (KHTML, like Gecko) Chrome/87.0.4280.66 Safari/537.36',
  'x-requested-with' => 'XMLHttpRequest',
  'accept' => 'application/json, text/javascript, */*; q=0.01',
  'connection' => 'keep-alive',
  'host' => '192.168.3.1:81',
  'content-length' => '',
)
[ info ] [ PARAM ] array (
  'addtabs' => '1',
  'sort' => 'id',
  'order' => 'desc',
  'offset' => '0',
  'limit' => '10',
  'filter' => '{}',
  'op' => '{}',
  '_' => '1606470541048',
)
[ info ] [ LANG ] D:\WWW\zbjg\public/../application/admin\lang\zh-cn.php
[ info ] [ BEHAVIOR ] Run app\common\behavior\Common @module_init [ RunTime:0.001966s ]
[ info ] [ SESSION ] INIT array (
  'id' => '',
  'var_session_id' => '',
  'prefix' => 'think',
  'type' => '',
  'auto_start' => true,
)
[ info ] [ DB ] INIT mysql
[ info ] [ LANG ] D:\WWW\zbjg\public/../application/admin/lang/zh-cn/order/order.php
[ info ] [ RUN ] app\admin\controller\order\Order->index[ D:\WWW\zbjg\application\admin\controller\order\Order.php ]
[ info ] [ BEHAVIOR ] Run app\admin\behavior\AdminLog @app_end [ RunTime:0.000220s ]
[ info ] [ LOG ] INIT File
---------------------------------------------------------------
[ 2020-11-27T17:55:01+08:00 ] 192.168.3.1 GET 192.168.3.1:81/admin.php/ajax/lang?callback=define&controllername=order.order&v=1606470900
[运行时间：0.157732s] [吞吐率：6.34req/s] [内存消耗：4,414.48kb] [文件加载：134]
[ info ] [ BEHAVIOR ] Run Closure @app_init [ RunTime:0.000072s ]
[ info ] [ CACHE ] INIT File
[ info ] [ BEHAVIOR ] Run Closure @app_init [ RunTime:0.003014s ]
[ info ] [ LANG ] D:\WWW\zbjg\thinkphp\lang\zh-cn.php
[ info ] [ BEHAVIOR ] Run app\common\behavior\Common @app_dispatch [ RunTime:0.000312s ]
[ info ] [ ROUTE ] array (
  'type' => 'module',
  'module' => 
  array (
    0 => 'admin',
    1 => 'ajax',
    2 => 'lang',
  ),
)
[ info ] [ HEADER ] array (
  'cookie' => 'keeplogin=1%7C86400%7C1605072779%7Cf41519a194da04be22144653880d28d8; PHPSESSID=j2p1hl2s6god24rq6dhnkq5a5s',
  'accept-language' => 'zh-CN,zh;q=0.9',
  'accept-encoding' => 'gzip, deflate',
  'referer' => 'http://192.168.3.1:81/admin.php/order/order/next?send_time=1606492800&department_id=2&supplier_id=1&addtabs=1',
  'accept' => '*/*',
  'user-agent' => 'Mozilla/5.0 (Windows NT 10.0; Win64; x64) AppleWebKit/537.36 (KHTML, like Gecko) Chrome/87.0.4280.66 Safari/537.36',
  'connection' => 'keep-alive',
  'host' => '192.168.3.1:81',
  'content-length' => '',
  'content-type' => '',
)
[ info ] [ PARAM ] array (
  'callback' => 'define',
  'controllername' => 'order.order',
  'v' => '1606470900',
)
[ info ] [ LANG ] D:\WWW\zbjg\public/../application/admin\lang\zh-cn.php
[ info ] [ BEHAVIOR ] Run app\common\behavior\Common @module_init [ RunTime:0.001366s ]
[ info ] [ SESSION ] INIT array (
  'id' => '',
  'var_session_id' => '',
  'prefix' => 'think',
  'type' => '',
  'auto_start' => true,
)
[ info ] [ DB ] INIT mysql
[ info ] [ LANG ] D:\WWW\zbjg\public/../application/admin/lang/zh-cn/ajax.php
[ info ] [ RUN ] app\admin\controller\Ajax->lang[ D:\WWW\zbjg\application\admin\controller\Ajax.php ]
[ info ] [ LANG ] D:\WWW\zbjg\public/../application/admin/lang/zh-cn/order/order.php
[ info ] [ BEHAVIOR ] Run app\admin\behavior\AdminLog @app_end [ RunTime:0.000194s ]
[ info ] [ LOG ] INIT File
---------------------------------------------------------------
[ 2020-11-27T17:55:01+08:00 ] 192.168.3.1 GET 192.168.3.1:81/admin.php/order/order/next?sort=id&order=desc&offset=0&limit=10&filter=%7B%22order_id%22%3A%220%22%2C%22supplier_id%22%3A%221%22%7D&op=%7B%22order_id%22%3A%22%3D%22%7D&_=1606470900910
[运行时间：0.364765s] [吞吐率：2.74req/s] [内存消耗：4,515.38kb] [文件加载：138]
[ info ] [ BEHAVIOR ] Run Closure @app_init [ RunTime:0.000065s ]
[ info ] [ CACHE ] INIT File
[ info ] [ BEHAVIOR ] Run Closure @app_init [ RunTime:0.007136s ]
[ info ] [ LANG ] D:\WWW\zbjg\thinkphp\lang\zh-cn.php
[ info ] [ BEHAVIOR ] Run app\common\behavior\Common @app_dispatch [ RunTime:0.000654s ]
[ info ] [ ROUTE ] array (
  'type' => 'module',
  'module' => 
  array (
    0 => 'admin',
    1 => 'order.order',
    2 => 'next',
  ),
)
[ info ] [ HEADER ] array (
  'cookie' => 'keeplogin=1%7C86400%7C1605072779%7Cf41519a194da04be22144653880d28d8; PHPSESSID=j2p1hl2s6god24rq6dhnkq5a5s',
  'accept-language' => 'zh-CN,zh;q=0.9',
  'accept-encoding' => 'gzip, deflate',
  'referer' => 'http://192.168.3.1:81/admin.php/order/order/next?send_time=1606492800&department_id=2&supplier_id=1&addtabs=1',
  'content-type' => 'application/json',
  'user-agent' => 'Mozilla/5.0 (Windows NT 10.0; Win64; x64) AppleWebKit/537.36 (KHTML, like Gecko) Chrome/87.0.4280.66 Safari/537.36',
  'x-requested-with' => 'XMLHttpRequest',
  'accept' => 'application/json, text/javascript, */*; q=0.01',
  'connection' => 'keep-alive',
  'host' => '192.168.3.1:81',
  'content-length' => '',
)
[ info ] [ PARAM ] array (
  'sort' => 'id',
  'order' => 'desc',
  'offset' => '0',
  'limit' => '10',
  'filter' => '{"order_id":"0","supplier_id":"1"}',
  'op' => '{"order_id":"="}',
  '_' => '1606470900910',
)
[ info ] [ LANG ] D:\WWW\zbjg\public/../application/admin\lang\zh-cn.php
[ info ] [ BEHAVIOR ] Run app\common\behavior\Common @module_init [ RunTime:0.001981s ]
[ info ] [ SESSION ] INIT array (
  'id' => '',
  'var_session_id' => '',
  'prefix' => 'think',
  'type' => '',
  'auto_start' => true,
)
[ info ] [ DB ] INIT mysql
[ info ] [ LANG ] D:\WWW\zbjg\public/../application/admin/lang/zh-cn/order/order.php
[ info ] [ RUN ] app\admin\controller\order\Order->next[ D:\WWW\zbjg\application\admin\controller\order\Order.php ]
[ info ] [ BEHAVIOR ] Run app\admin\behavior\AdminLog @app_end [ RunTime:0.000179s ]
[ info ] [ LOG ] INIT File
[ error ] [8]未定义数组索引: supplier_id[D:\WWW\zbjg\application\admin\controller\order\Order.php:118]
[ error ] [8]未定义数组索引: goods_name[D:\WWW\zbjg\application\admin\controller\order\Order.php:131]
---------------------------------------------------------------
[ 2020-11-27T17:55:05+08:00 ] 192.168.3.1 GET 192.168.3.1:81/admin.php/order/order/next?sort=id&order=desc&offset=0&limit=10&filter=%7B%22goods_name%22%3A%22%E8%8F%9C%22%2C%22order_id%22%3A%220%22%2C%22supplier_id%22%3A%221%22%7D&op=%7B%22goods_name%22%3A%22LIKE+%25...%25%22%2C%22order_id%22%3A%22%3D%22%7D&_=1606470900911
[运行时间：0.231781s] [吞吐率：4.31req/s] [内存消耗：4,501.03kb] [文件加载：138]
[ info ] [ BEHAVIOR ] Run Closure @app_init [ RunTime:0.000020s ]
[ info ] [ CACHE ] INIT File
[ info ] [ BEHAVIOR ] Run Closure @app_init [ RunTime:0.002302s ]
[ info ] [ LANG ] D:\WWW\zbjg\thinkphp\lang\zh-cn.php
[ info ] [ BEHAVIOR ] Run app\common\behavior\Common @app_dispatch [ RunTime:0.000301s ]
[ info ] [ ROUTE ] array (
  'type' => 'module',
  'module' => 
  array (
    0 => 'admin',
    1 => 'order.order',
    2 => 'next',
  ),
)
[ info ] [ HEADER ] array (
  'cookie' => 'keeplogin=1%7C86400%7C1605072779%7Cf41519a194da04be22144653880d28d8; PHPSESSID=j2p1hl2s6god24rq6dhnkq5a5s',
  'accept-language' => 'zh-CN,zh;q=0.9',
  'accept-encoding' => 'gzip, deflate',
  'referer' => 'http://192.168.3.1:81/admin.php/order/order/next?send_time=1606492800&department_id=2&supplier_id=1&addtabs=1',
  'content-type' => 'application/json',
  'user-agent' => 'Mozilla/5.0 (Windows NT 10.0; Win64; x64) AppleWebKit/537.36 (KHTML, like Gecko) Chrome/87.0.4280.66 Safari/537.36',
  'x-requested-with' => 'XMLHttpRequest',
  'accept' => 'application/json, text/javascript, */*; q=0.01',
  'connection' => 'keep-alive',
  'host' => '192.168.3.1:81',
  'content-length' => '',
)
[ info ] [ PARAM ] array (
  'sort' => 'id',
  'order' => 'desc',
  'offset' => '0',
  'limit' => '10',
  'filter' => '{"goods_name":"菜","order_id":"0","supplier_id":"1"}',
  'op' => '{"goods_name":"LIKE %...%","order_id":"="}',
  '_' => '1606470900911',
)
[ info ] [ LANG ] D:\WWW\zbjg\public/../application/admin\lang\zh-cn.php
[ info ] [ BEHAVIOR ] Run app\common\behavior\Common @module_init [ RunTime:0.003517s ]
[ info ] [ SESSION ] INIT array (
  'id' => '',
  'var_session_id' => '',
  'prefix' => 'think',
  'type' => '',
  'auto_start' => true,
)
[ info ] [ DB ] INIT mysql
[ info ] [ LANG ] D:\WWW\zbjg\public/../application/admin/lang/zh-cn/order/order.php
[ info ] [ RUN ] app\admin\controller\order\Order->next[ D:\WWW\zbjg\application\admin\controller\order\Order.php ]
[ info ] [ BEHAVIOR ] Run app\admin\behavior\AdminLog @app_end [ RunTime:0.000194s ]
[ info ] [ LOG ] INIT File
[ error ] [8]未定义数组索引: supplier_id[D:\WWW\zbjg\application\admin\controller\order\Order.php:118]
---------------------------------------------------------------
[ 2020-11-27T17:55:09+08:00 ] 192.168.3.1 GET 192.168.3.1:81/admin.php/order/order/next?sort=id&order=desc&offset=0&limit=10&filter=%7B%22goods_name%22%3A%22%E7%8C%B4%E5%A4%B4%E8%8F%87%22%2C%22order_id%22%3A%220%22%2C%22supplier_id%22%3A%221%22%7D&op=%7B%22goods_name%22%3A%22LIKE+%25...%25%22%2C%22order_id%22%3A%22%3D%22%7D&_=1606470900912
[运行时间：0.364379s] [吞吐率：2.74req/s] [内存消耗：4,513.79kb] [文件加载：138]
[ info ] [ BEHAVIOR ] Run Closure @app_init [ RunTime:0.000074s ]
[ info ] [ CACHE ] INIT File
[ info ] [ BEHAVIOR ] Run Closure @app_init [ RunTime:0.002874s ]
[ info ] [ LANG ] D:\WWW\zbjg\thinkphp\lang\zh-cn.php
[ info ] [ BEHAVIOR ] Run app\common\behavior\Common @app_dispatch [ RunTime:0.000480s ]
[ info ] [ ROUTE ] array (
  'type' => 'module',
  'module' => 
  array (
    0 => 'admin',
    1 => 'order.order',
    2 => 'next',
  ),
)
[ info ] [ HEADER ] array (
  'cookie' => 'keeplogin=1%7C86400%7C1605072779%7Cf41519a194da04be22144653880d28d8; PHPSESSID=j2p1hl2s6god24rq6dhnkq5a5s',
  'accept-language' => 'zh-CN,zh;q=0.9',
  'accept-encoding' => 'gzip, deflate',
  'referer' => 'http://192.168.3.1:81/admin.php/order/order/next?send_time=1606492800&department_id=2&supplier_id=1&addtabs=1',
  'content-type' => 'application/json',
  'user-agent' => 'Mozilla/5.0 (Windows NT 10.0; Win64; x64) AppleWebKit/537.36 (KHTML, like Gecko) Chrome/87.0.4280.66 Safari/537.36',
  'x-requested-with' => 'XMLHttpRequest',
  'accept' => 'application/json, text/javascript, */*; q=0.01',
  'connection' => 'keep-alive',
  'host' => '192.168.3.1:81',
  'content-length' => '',
)
[ info ] [ PARAM ] array (
  'sort' => 'id',
  'order' => 'desc',
  'offset' => '0',
  'limit' => '10',
  'filter' => '{"goods_name":"猴头菇","order_id":"0","supplier_id":"1"}',
  'op' => '{"goods_name":"LIKE %...%","order_id":"="}',
  '_' => '1606470900912',
)
[ info ] [ LANG ] D:\WWW\zbjg\public/../application/admin\lang\zh-cn.php
[ info ] [ BEHAVIOR ] Run app\common\behavior\Common @module_init [ RunTime:0.002436s ]
[ info ] [ SESSION ] INIT array (
  'id' => '',
  'var_session_id' => '',
  'prefix' => 'think',
  'type' => '',
  'auto_start' => true,
)
[ info ] [ DB ] INIT mysql
[ info ] [ LANG ] D:\WWW\zbjg\public/../application/admin/lang/zh-cn/order/order.php
[ info ] [ RUN ] app\admin\controller\order\Order->next[ D:\WWW\zbjg\application\admin\controller\order\Order.php ]
[ info ] [ BEHAVIOR ] Run app\admin\behavior\AdminLog @app_end [ RunTime:0.000240s ]
[ info ] [ LOG ] INIT File
[ error ] [8]未定义数组索引: supplier_id[D:\WWW\zbjg\application\admin\controller\order\Order.php:118]
---------------------------------------------------------------
[ 2020-11-27T17:55:22+08:00 ] 192.168.3.1 GET 192.168.3.1:81/admin.php/order/order/index?addtabs=1&sort=id&order=desc&offset=0&limit=10&filter=%7B%7D&op=%7B%7D&_=1606470541049
[运行时间：0.296951s] [吞吐率：3.37req/s] [内存消耗：4,607.25kb] [文件加载：142]
[ info ] [ BEHAVIOR ] Run Closure @app_init [ RunTime:0.000035s ]
[ info ] [ CACHE ] INIT File
[ info ] [ BEHAVIOR ] Run Closure @app_init [ RunTime:0.002925s ]
[ info ] [ LANG ] D:\WWW\zbjg\thinkphp\lang\zh-cn.php
[ info ] [ BEHAVIOR ] Run app\common\behavior\Common @app_dispatch [ RunTime:0.000378s ]
[ info ] [ ROUTE ] array (
  'type' => 'module',
  'module' => 
  array (
    0 => 'admin',
    1 => 'order.order',
    2 => 'index',
  ),
)
[ info ] [ HEADER ] array (
  'cookie' => 'keeplogin=1%7C86400%7C1605072779%7Cf41519a194da04be22144653880d28d8; PHPSESSID=j2p1hl2s6god24rq6dhnkq5a5s',
  'accept-language' => 'zh-CN,zh;q=0.9',
  'accept-encoding' => 'gzip, deflate',
  'referer' => 'http://192.168.3.1:81/admin.php/order/order?addtabs=1',
  'content-type' => 'application/json',
  'user-agent' => 'Mozilla/5.0 (Windows NT 10.0; Win64; x64) AppleWebKit/537.36 (KHTML, like Gecko) Chrome/87.0.4280.66 Safari/537.36',
  'x-requested-with' => 'XMLHttpRequest',
  'accept' => 'application/json, text/javascript, */*; q=0.01',
  'connection' => 'keep-alive',
  'host' => '192.168.3.1:81',
  'content-length' => '',
)
[ info ] [ PARAM ] array (
  'addtabs' => '1',
  'sort' => 'id',
  'order' => 'desc',
  'offset' => '0',
  'limit' => '10',
  'filter' => '{}',
  'op' => '{}',
  '_' => '1606470541049',
)
[ info ] [ LANG ] D:\WWW\zbjg\public/../application/admin\lang\zh-cn.php
[ info ] [ BEHAVIOR ] Run app\common\behavior\Common @module_init [ RunTime:0.003894s ]
[ info ] [ SESSION ] INIT array (
  'id' => '',
  'var_session_id' => '',
  'prefix' => 'think',
  'type' => '',
  'auto_start' => true,
)
[ info ] [ DB ] INIT mysql
[ info ] [ LANG ] D:\WWW\zbjg\public/../application/admin/lang/zh-cn/order/order.php
[ info ] [ RUN ] app\admin\controller\order\Order->index[ D:\WWW\zbjg\application\admin\controller\order\Order.php ]
[ info ] [ BEHAVIOR ] Run app\admin\behavior\AdminLog @app_end [ RunTime:0.000255s ]
[ info ] [ LOG ] INIT File
---------------------------------------------------------------
[ 2020-11-27T17:55:24+08:00 ] 192.168.3.1 GET 192.168.3.1:81/admin.php/order/order/next2/ids/7?addtabs=1
[运行时间：0.193939s] [吞吐率：5.16req/s] [内存消耗：4,434.30kb] [文件加载：134]
[ info ] [ BEHAVIOR ] Run Closure @app_init [ RunTime:0.000047s ]
[ info ] [ CACHE ] INIT File
[ info ] [ BEHAVIOR ] Run Closure @app_init [ RunTime:0.004307s ]
[ info ] [ LANG ] D:\WWW\zbjg\thinkphp\lang\zh-cn.php
[ info ] [ BEHAVIOR ] Run app\common\behavior\Common @app_dispatch [ RunTime:0.000354s ]
[ info ] [ ROUTE ] array (
  'type' => 'module',
  'module' => 
  array (
    0 => 'admin',
    1 => 'order.order',
    2 => 'next2',
  ),
)
[ info ] [ HEADER ] array (
  'cookie' => 'keeplogin=1%7C86400%7C1605072779%7Cf41519a194da04be22144653880d28d8; PHPSESSID=j2p1hl2s6god24rq6dhnkq5a5s',
  'accept-language' => 'zh-CN,zh;q=0.9',
  'accept-encoding' => 'gzip, deflate',
  'referer' => 'http://192.168.3.1:81/admin.php/order/order/next2/ids/7?ref=addtabs',
  'accept' => 'text/html,application/xhtml+xml,application/xml;q=0.9,image/avif,image/webp,image/apng,*/*;q=0.8,application/signed-exchange;v=b3;q=0.9',
  'user-agent' => 'Mozilla/5.0 (Windows NT 10.0; Win64; x64) AppleWebKit/537.36 (KHTML, like Gecko) Chrome/87.0.4280.66 Safari/537.36',
  'upgrade-insecure-requests' => '1',
  'connection' => 'keep-alive',
  'host' => '192.168.3.1:81',
  'content-length' => '',
  'content-type' => '',
)
[ info ] [ PARAM ] array (
  'addtabs' => '1',
  'ids' => '7',
)
[ info ] [ LANG ] D:\WWW\zbjg\public/../application/admin\lang\zh-cn.php
[ info ] [ BEHAVIOR ] Run app\common\behavior\Common @module_init [ RunTime:0.001387s ]
[ info ] [ SESSION ] INIT array (
  'id' => '',
  'var_session_id' => '',
  'prefix' => 'think',
  'type' => '',
  'auto_start' => true,
)
[ info ] [ DB ] INIT mysql
[ info ] [ LANG ] D:\WWW\zbjg\public/../application/admin/lang/zh-cn/order/order.php
[ info ] [ RUN ] app\admin\controller\order\Order->next2[ D:\WWW\zbjg\application\admin\controller\order\Order.php ]
[ info ] [ VIEW ] D:\WWW\zbjg\public/../application/admin\view\order\order\next2.html [ array (
  0 => 'breadcrumb',
  1 => 'site',
  2 => 'config',
  3 => 'auth',
  4 => 'admin',
  5 => 'statusList',
  6 => 'order_id',
) ]
[ info ] [ BEHAVIOR ] Run app\admin\behavior\AdminLog @app_end [ RunTime:0.000213s ]
[ info ] [ LOG ] INIT File
---------------------------------------------------------------
[ 2020-11-27T17:55:24+08:00 ] 192.168.3.1 GET 192.168.3.1:81/admin.php/ajax/lang?callback=define&controllername=order.order&v=1606470923
[运行时间：0.167076s] [吞吐率：5.99req/s] [内存消耗：4,414.05kb] [文件加载：134]
[ info ] [ BEHAVIOR ] Run Closure @app_init [ RunTime:0.000023s ]
[ info ] [ CACHE ] INIT File
[ info ] [ BEHAVIOR ] Run Closure @app_init [ RunTime:0.006235s ]
[ info ] [ LANG ] D:\WWW\zbjg\thinkphp\lang\zh-cn.php
[ info ] [ BEHAVIOR ] Run app\common\behavior\Common @app_dispatch [ RunTime:0.001525s ]
[ info ] [ ROUTE ] array (
  'type' => 'module',
  'module' => 
  array (
    0 => 'admin',
    1 => 'ajax',
    2 => 'lang',
  ),
)
[ info ] [ HEADER ] array (
  'cookie' => 'keeplogin=1%7C86400%7C1605072779%7Cf41519a194da04be22144653880d28d8; PHPSESSID=j2p1hl2s6god24rq6dhnkq5a5s',
  'accept-language' => 'zh-CN,zh;q=0.9',
  'accept-encoding' => 'gzip, deflate',
  'referer' => 'http://192.168.3.1:81/admin.php/order/order/next2/ids/7?addtabs=1',
  'accept' => '*/*',
  'user-agent' => 'Mozilla/5.0 (Windows NT 10.0; Win64; x64) AppleWebKit/537.36 (KHTML, like Gecko) Chrome/87.0.4280.66 Safari/537.36',
  'connection' => 'keep-alive',
  'host' => '192.168.3.1:81',
  'content-length' => '',
  'content-type' => '',
)
[ info ] [ PARAM ] array (
  'callback' => 'define',
  'controllername' => 'order.order',
  'v' => '1606470923',
)
[ info ] [ LANG ] D:\WWW\zbjg\public/../application/admin\lang\zh-cn.php
[ info ] [ BEHAVIOR ] Run app\common\behavior\Common @module_init [ RunTime:0.004853s ]
[ info ] [ SESSION ] INIT array (
  'id' => '',
  'var_session_id' => '',
  'prefix' => 'think',
  'type' => '',
  'auto_start' => true,
)
[ info ] [ DB ] INIT mysql
[ info ] [ LANG ] D:\WWW\zbjg\public/../application/admin/lang/zh-cn/ajax.php
[ info ] [ RUN ] app\admin\controller\Ajax->lang[ D:\WWW\zbjg\application\admin\controller\Ajax.php ]
[ info ] [ LANG ] D:\WWW\zbjg\public/../application/admin/lang/zh-cn/order/order.php
[ info ] [ BEHAVIOR ] Run app\admin\behavior\AdminLog @app_end [ RunTime:0.000215s ]
[ info ] [ LOG ] INIT File
---------------------------------------------------------------
[ 2020-11-27T17:55:25+08:00 ] 192.168.3.1 GET 192.168.3.1:81/admin.php/order/order/next2?sort=id&order=desc&offset=0&limit=10&filter=%7B%22order_id%22%3A%227%22%7D&op=%7B%22order_id%22%3A%22%3D%22%7D&_=1606470924298
[运行时间：0.460228s] [吞吐率：2.17req/s] [内存消耗：4,516.01kb] [文件加载：138]
[ info ] [ BEHAVIOR ] Run Closure @app_init [ RunTime:0.000025s ]
[ info ] [ CACHE ] INIT File
[ info ] [ BEHAVIOR ] Run Closure @app_init [ RunTime:0.005267s ]
[ info ] [ LANG ] D:\WWW\zbjg\thinkphp\lang\zh-cn.php
[ info ] [ BEHAVIOR ] Run app\common\behavior\Common @app_dispatch [ RunTime:0.000375s ]
[ info ] [ ROUTE ] array (
  'type' => 'module',
  'module' => 
  array (
    0 => 'admin',
    1 => 'order.order',
    2 => 'next2',
  ),
)
[ info ] [ HEADER ] array (
  'cookie' => 'keeplogin=1%7C86400%7C1605072779%7Cf41519a194da04be22144653880d28d8; PHPSESSID=j2p1hl2s6god24rq6dhnkq5a5s',
  'accept-language' => 'zh-CN,zh;q=0.9',
  'accept-encoding' => 'gzip, deflate',
  'referer' => 'http://192.168.3.1:81/admin.php/order/order/next2/ids/7?addtabs=1',
  'content-type' => 'application/json',
  'user-agent' => 'Mozilla/5.0 (Windows NT 10.0; Win64; x64) AppleWebKit/537.36 (KHTML, like Gecko) Chrome/87.0.4280.66 Safari/537.36',
  'x-requested-with' => 'XMLHttpRequest',
  'accept' => 'application/json, text/javascript, */*; q=0.01',
  'connection' => 'keep-alive',
  'host' => '192.168.3.1:81',
  'content-length' => '',
)
[ info ] [ PARAM ] array (
  'sort' => 'id',
  'order' => 'desc',
  'offset' => '0',
  'limit' => '10',
  'filter' => '{"order_id":"7"}',
  'op' => '{"order_id":"="}',
  '_' => '1606470924298',
)
[ info ] [ LANG ] D:\WWW\zbjg\public/../application/admin\lang\zh-cn.php
[ info ] [ BEHAVIOR ] Run app\common\behavior\Common @module_init [ RunTime:0.001367s ]
[ info ] [ SESSION ] INIT array (
  'id' => '',
  'var_session_id' => '',
  'prefix' => 'think',
  'type' => '',
  'auto_start' => true,
)
[ info ] [ DB ] INIT mysql
[ info ] [ LANG ] D:\WWW\zbjg\public/../application/admin/lang/zh-cn/order/order.php
[ info ] [ RUN ] app\admin\controller\order\Order->next2[ D:\WWW\zbjg\application\admin\controller\order\Order.php ]
[ info ] [ BEHAVIOR ] Run app\admin\behavior\AdminLog @app_end [ RunTime:0.000172s ]
[ info ] [ LOG ] INIT File
[ error ] [8]未定义数组索引: goods_name[D:\WWW\zbjg\application\admin\controller\order\Order.php:214]
